ď»ż
> odda-store@0.1.0 build
> next build

Î“Ă»â–“ Next.js 16.1.6 (Turbopack)
- Environments: .env.local

  Creating an optimized production build ...
Î“ÂŁĂ´ Compiled successfully in 18.3s
  Running TypeScript ...
  Collecting page data using 15 workers ...
  Generating static pages using 15 workers (0/23) ...
  Generating static pages using 15 workers (5/23) 
  Generating static pages using 15 workers (11/23) 
  Generating static pages using 15 workers (17/23) 
New MongoDB connection established (Pool Size: 10)
Î“ÂŁĂ´ Generating static pages using 15 workers (23/23) in 3.9s
  Finalizing page optimization ...

Route (app)
Î“Ă¶Ă® â•žĂ† /
Î“Ă¶ÂŁ â•žĂ† /_not-found
Î“Ă¶ÂŁ â•žĂ† /about
Î“Ă¶ÂŁ â•žĂ† /api/auth/[...nextauth]
Î“Ă¶ÂŁ â•žĂ† /api/auth/register
Î“Ă¶ÂŁ â•žĂ† /api/badges
Î“Ă¶ÂŁ â•žĂ† /api/badges/[id]
Î“Ă¶ÂŁ â•žĂ† /api/bundles
Î“Ă¶ÂŁ â•žĂ† /api/bundles/[slug]
Î“Ă¶ÂŁ â•žĂ† /api/bundles/[slug]/reviews
Î“Ă¶ÂŁ â•žĂ† /api/categories
Î“Ă¶ÂŁ â•žĂ† /api/categories/[id]
Î“Ă¶ÂŁ â•žĂ† /api/cron/cleanup-orders
Î“Ă¶ÂŁ â•žĂ† /api/orders
Î“Ă¶ÂŁ â•žĂ† /api/orders/[id]
Î“Ă¶ÂŁ â•žĂ† /api/orders/track/[id]
Î“Ă¶ÂŁ â•žĂ† /api/products
Î“Ă¶ÂŁ â•žĂ† /api/products/[slug]
Î“Ă¶ÂŁ â•žĂ† /api/products/[slug]/reviews
Î“Ă¶ÂŁ â•žĂ† /api/products/categories
Î“Ă¶ÂŁ â•žĂ† /api/settings
Î“Ă¶ÂŁ â•žĂ† /api/upload
Î“Ă¶ÂŁ â•žĂ† /api/users
Î“Ă¶ÂŁ â•žĂ† /api/users/[id]
Î“Ă¶ÂŁ â•žĂ† /bundle/[slug]
Î“Ă¶ÂŁ â•žĂ† /bundles
Î“Ă¶ÂŁ â•žĂ† /checkout
Î“Ă¶ÂŁ â•žĂ† /dashboard
Î“Ă¶ÂŁ â•žĂ† /dashboard/badges
Î“Ă¶ÂŁ â•žĂ† /dashboard/bundles
Î“Ă¶ÂŁ â•žĂ† /dashboard/bundles/[slug]/edit
Î“Ă¶ÂŁ â•žĂ† /dashboard/bundles/new
Î“Ă¶ÂŁ â•žĂ† /dashboard/categories
Î“Ă¶ÂŁ â•žĂ† /dashboard/customers
Î“Ă¶ÂŁ â•žĂ† /dashboard/orders
Î“Ă¶ÂŁ â•žĂ† /dashboard/products
Î“Ă¶ÂŁ â•žĂ† /dashboard/products/[slug]/edit
Î“Ă¶ÂŁ â•žĂ† /dashboard/products/new
Î“Ă¶ÂŁ â•žĂ† /dashboard/settings
Î“Ă¶ÂŁ â•žĂ† /login
Î“Ă¶ÂŁ â•žĂ† /order-confirmation
Î“Ă¶ÂŁ â•žĂ† /order-confirmation/[id]
Î“Ă¶ÂŁ â•žĂ† /order-tracking
Î“Ă¶ÂŁ â•žĂ† /orders
Î“Ă¶ÂŁ â•žĂ† /product/[slug]
Î“Ă¶ÂŁ â•žĂ† /products
Î“Ă¶ÂŁ â•žĂ† /profile
Î“Ă¶ÂŁ â•žĂ† /register
Î“Ă¶ÂŁ Î“ĂąĂŻ /robots.txt
Î“Ă¶ÂŁ â•žĂ† /search
Î“Ă¶Ă¶ Î“ĂąĂŻ /sitemap.xml


â•žĂ† Proxy (Middleware)

Î“ĂąĂŻ  (Static)   prerendered as static content
â•žĂ†  (Dynamic)  server-rendered on demand

